=== puma startup: 2017-03-12 13:12:04 -0300 ===
/Users/thiagotonon/.rvm/gems/ruby-2.1.2/gems/activerecord-4.2.2/lib/active_record/connection_adapters/connection_specification.rb:248:in `resolve_symbol_connection'/Users/thiagotonon/.rvm/gems/ruby-2.1.2/gems/activerecord-4.2.2/lib/active_record/connection_adapters/connection_specification.rb:248:in `resolve_symbol_connection': 'production' database is not configured. Available: [] (ActiveRecord::AdapterNotSpecified)
: 	from /Users/thiagotonon/.rvm/gems/ruby-2.1.2/gems/activerecord-4.2.2/lib/active_record/connection_adapters/connection_specification.rb:211:in `resolve_connection'
'production' database is not configured. Available: [] (ActiveRecord::AdapterNotSpecified)
	from /Users/thiagotonon/.rvm/gems/ruby-2.1.2/gems/activerecord-4.2.2/lib/active_record/connection_adapters/connection_specification.rb:139:in `resolve'
	from /Users/thiagotonon/.rvm/gems/ruby-2.1.2/gems/activerecord-4.2.2/lib/active_record/connection_adapters/connection_specification.rb:169:in `spec'
	from /Users/thiagotonon/.rvm/gems/ruby-2.1.2/gems/activerecord-4.2.2/lib/active_record/connection_adapters/connection_specification.rb:211:in `resolve_connection'
	from /Users/thiagotonon/.rvm/gems/ruby-2.1.2/gems/activerecord-4.2.2/lib/active_record/connection_handling.rb:50:in `establish_connection'
	from /Users/thiagotonon/.rvm/gems/ruby-2.1.2/gems/activerecord-4.2.2/lib/active_record/connection_adapters/connection_specification.rb:139:in `resolve'
	from /Users/thiagotonon/.rvm/gems/ruby-2.1.2/gems/activerecord-4.2.2/lib/active_record/connection_adapters/connection_specification.rb:169:in `spec'
	from config/puma.rb:28:in `block in _load_from'
	from /Users/thiagotonon/.rvm/gems/ruby-2.1.2/gems/puma-2.8.2/lib/puma/cluster.rb:193:in `call'
	from /Users/thiagotonon/.rvm/gems/ruby-2.1.2/gems/puma-2.8.2/lib/puma/cluster.rb:193:in `block in worker'
	from /Users/thiagotonon/.rvm/gems/ruby-2.1.2/gems/puma-2.8.2/lib/puma/cluster.rb:193:in `each'
	from /Users/thiagotonon/.rvm/gems/ruby-2.1.2/gems/puma-2.8.2/lib/puma/cluster.rb:193:in `worker'
	from /Users/thiagotonon/.rvm/gems/ruby-2.1.2/gems/puma-2.8.2/lib/puma/cluster.rb:95:in `block (2 levels) in spawn_workers'
	from /Users/thiagotonon/.rvm/gems/ruby-2.1.2/gems/puma-2.8.2/lib/puma/cluster.rb:95:in `fork'
	from /Users/thiagotonon/.rvm/gems/ruby-2.1.2/gems/activerecord-4.2.2/lib/active_record/connection_handling.rb:50:in `establish_connection'
	from /Users/thiagotonon/.rvm/gems/ruby-2.1.2/gems/puma-2.8.2/lib/puma/cluster.rb:95:in `block in spawn_workers'
	from /Users/thiagotonon/.rvm/gems/ruby-2.1.2/gems/puma-2.8.2/lib/puma/cluster.rb:92:in `times'
	from config/puma.rb:28:in `block in _load_from'
	from /Users/thiagotonon/.rvm/gems/ruby-2.1.2/gems/puma-2.8.2/lib/puma/cluster.rb:193:in `call'
	from /Users/thiagotonon/.rvm/gems/ruby-2.1.2/gems/puma-2.8.2/lib/puma/cluster.rb:92:in `spawn_workers'
	from /Users/thiagotonon/.rvm/gems/ruby-2.1.2/gems/puma-2.8.2/lib/puma/cluster.rb:335:in `run'
	from /Users/thiagotonon/.rvm/gems/ruby-2.1.2/gems/puma-2.8.2/lib/puma/cli.rb:499:in `run'
	from /Users/thiagotonon/.rvm/gems/ruby-2.1.2/gems/puma-2.8.2/bin/puma:10:in `<top (required)>'
	from /Users/thiagotonon/.rvm/gems/ruby-2.1.2/bin/puma:23:in `load'
	from /Users/thiagotonon/.rvm/gems/ruby-2.1.2/bin/puma:23:in `<main>'
	from /Users/thiagotonon/.rvm/gems/ruby-2.1.2/bin/ruby_executable_hooks:15:in `eval'
	from /Users/thiagotonon/.rvm/gems/ruby-2.1.2/bin/ruby_executable_hooks:15:in `<main>'
	from /Users/thiagotonon/.rvm/gems/ruby-2.1.2/gems/puma-2.8.2/lib/puma/cluster.rb:193:in `block in worker'
	from /Users/thiagotonon/.rvm/gems/ruby-2.1.2/gems/puma-2.8.2/lib/puma/cluster.rb:193:in `each'
	from /Users/thiagotonon/.rvm/gems/ruby-2.1.2/gems/puma-2.8.2/lib/puma/cluster.rb:193:in `worker'
	from /Users/thiagotonon/.rvm/gems/ruby-2.1.2/gems/puma-2.8.2/lib/puma/cluster.rb:95:in `block (2 levels) in spawn_workers'
	from /Users/thiagotonon/.rvm/gems/ruby-2.1.2/gems/puma-2.8.2/lib/puma/cluster.rb:95:in `fork'
	from /Users/thiagotonon/.rvm/gems/ruby-2.1.2/gems/puma-2.8.2/lib/puma/cluster.rb:95:in `block in spawn_workers'
	from /Users/thiagotonon/.rvm/gems/ruby-2.1.2/gems/puma-2.8.2/lib/puma/cluster.rb:92:in `times'
	from /Users/thiagotonon/.rvm/gems/ruby-2.1.2/gems/puma-2.8.2/lib/puma/cluster.rb:92:in `spawn_workers'
	from /Users/thiagotonon/.rvm/gems/ruby-2.1.2/gems/puma-2.8.2/lib/puma/cluster.rb:335:in `run'
	from /Users/thiagotonon/.rvm/gems/ruby-2.1.2/gems/puma-2.8.2/lib/puma/cli.rb:499:in `run'
	from /Users/thiagotonon/.rvm/gems/ruby-2.1.2/gems/puma-2.8.2/bin/puma:10:in `<top (required)>'
	from /Users/thiagotonon/.rvm/gems/ruby-2.1.2/bin/puma:23:in `load'
	from /Users/thiagotonon/.rvm/gems/ruby-2.1.2/bin/puma:23:in `<main>'
	from /Users/thiagotonon/.rvm/gems/ruby-2.1.2/bin/ruby_executable_hooks:15:in `eval'
	from /Users/thiagotonon/.rvm/gems/ruby-2.1.2/bin/ruby_executable_hooks:15:in `<main>'
/Users/thiagotonon/.rvm/gems/ruby-2.1.2/gems/activerecord-4.2.2/lib/active_record/connection_adapters/connection_specification.rb:248:in `resolve_symbol_connection': 'production' database is not configured. Available: [] (ActiveRecord::AdapterNotSpecified)
	from /Users/thiagotonon/.rvm/gems/ruby-2.1.2/gems/activerecord-4.2.2/lib/active_record/connection_adapters/connection_specification.rb:211:in `resolve_connection'
	from /Users/thiagotonon/.rvm/gems/ruby-2.1.2/gems/activerecord-4.2.2/lib/active_record/connection_adapters/connection_specification.rb:139:in `resolve'
	from /Users/thiagotonon/.rvm/gems/ruby-2.1.2/gems/activerecord-4.2.2/lib/active_record/connection_adapters/connection_specification.rb:169:in `spec'
	from /Users/thiagotonon/.rvm/gems/ruby-2.1.2/gems/activerecord-4.2.2/lib/active_record/connection_handling.rb:50:in `establish_connection'
	from config/puma.rb:28:in `block in _load_from'
	from /Users/thiagotonon/.rvm/gems/ruby-2.1.2/gems/puma-2.8.2/lib/puma/cluster.rb:193:in `call'
	from /Users/thiagotonon/.rvm/gems/ruby-2.1.2/gems/puma-2.8.2/lib/puma/cluster.rb:193:in `block in worker'
	from /Users/thiagotonon/.rvm/gems/ruby-2.1.2/gems/puma-2.8.2/lib/puma/cluster.rb:193:in `each'
	from /Users/thiagotonon/.rvm/gems/ruby-2.1.2/gems/puma-2.8.2/lib/puma/cluster.rb:193:in `worker'
	from /Users/thiagotonon/.rvm/gems/ruby-2.1.2/gems/puma-2.8.2/lib/puma/cluster.rb:95:in `block (2 levels) in spawn_workers'
	from /Users/thiagotonon/.rvm/gems/ruby-2.1.2/gems/puma-2.8.2/lib/puma/cluster.rb:95:in `fork'
	from /Users/thiagotonon/.rvm/gems/ruby-2.1.2/gems/puma-2.8.2/lib/puma/cluster.rb:95:in `block in spawn_workers'
	from /Users/thiagotonon/.rvm/gems/ruby-2.1.2/gems/puma-2.8.2/lib/puma/cluster.rb:92:in `times'
	from /Users/thiagotonon/.rvm/gems/ruby-2.1.2/gems/puma-2.8.2/lib/puma/cluster.rb:92:in `spawn_workers'
	from /Users/thiagotonon/.rvm/gems/ruby-2.1.2/gems/puma-2.8.2/lib/puma/cluster.rb:143:in `check_workers'
	from /Users/thiagotonon/.rvm/gems/ruby-2.1.2/gems/puma-2.8.2/lib/puma/cluster.rb:373:in `run'
	from /Users/thiagotonon/.rvm/gems/ruby-2.1.2/gems/puma-2.8.2/lib/puma/cli.rb:499:in `run'
	from /Users/thiagotonon/.rvm/gems/ruby-2.1.2/gems/puma-2.8.2/bin/puma:10:in `<top (required)>'
	from /Users/thiagotonon/.rvm/gems/ruby-2.1.2/bin/puma:23:in `load'
	from /Users/thiagotonon/.rvm/gems/ruby-2.1.2/bin/puma:23:in `<main>'
	from /Users/thiagotonon/.rvm/gems/ruby-2.1.2/bin/ruby_executable_hooks:15:in `eval'
	from /Users/thiagotonon/.rvm/gems/ruby-2.1.2/bin/ruby_executable_hooks:15:in `<main>'
/Users/thiagotonon/.rvm/gems/ruby-2.1.2/gems/activerecord-4.2.2/lib/active_record/connection_adapters/connection_specification.rb:248:in `resolve_symbol_connection': 'production' database is not configured. Available: [] (ActiveRecord::AdapterNotSpecified)
	from /Users/thiagotonon/.rvm/gems/ruby-2.1.2/gems/activerecord-4.2.2/lib/active_record/connection_adapters/connection_specification.rb:211:in `resolve_connection'
	from /Users/thiagotonon/.rvm/gems/ruby-2.1.2/gems/activerecord-4.2.2/lib/active_record/connection_adapters/connection_specification.rb:139:in `resolve'
	from /Users/thiagotonon/.rvm/gems/ruby-2.1.2/gems/activerecord-4.2.2/lib/active_record/connection_adapters/connection_specification.rb:169:in `spec'
	from /Users/thiagotonon/.rvm/gems/ruby-2.1.2/gems/activerecord-4.2.2/lib/active_record/connection_handling.rb:50:in `establish_connection'
	from config/puma.rb:28:in `block in _load_from'
	from /Users/thiagotonon/.rvm/gems/ruby-2.1.2/gems/puma-2.8.2/lib/puma/cluster.rb:193:in `call'
	from /Users/thiagotonon/.rvm/gems/ruby-2.1.2/gems/puma-2.8.2/lib/puma/cluster.rb:193:in `block in worker'
	from /Users/thiagotonon/.rvm/gems/ruby-2.1.2/gems/puma-2.8.2/lib/puma/cluster.rb:193:in `each'
	from /Users/thiagotonon/.rvm/gems/ruby-2.1.2/gems/puma-2.8.2/lib/puma/cluster.rb:193:in `worker'
	from /Users/thiagotonon/.rvm/gems/ruby-2.1.2/gems/puma-2.8.2/lib/puma/cluster.rb:95:in `block (2 levels) in spawn_workers'
	from /Users/thiagotonon/.rvm/gems/ruby-2.1.2/gems/puma-2.8.2/lib/puma/cluster.rb:95:in `fork'
	from /Users/thiagotonon/.rvm/gems/ruby-2.1.2/gems/puma-2.8.2/lib/puma/cluster.rb:95:in `block in spawn_workers'
	from /Users/thiagotonon/.rvm/gems/ruby-2.1.2/gems/puma-2.8.2/lib/puma/cluster.rb:92:in `times'
	from /Users/thiagotonon/.rvm/gems/ruby-2.1.2/gems/puma-2.8.2/lib/puma/cluster.rb:92:in `spawn_workers'
	from /Users/thiagotonon/.rvm/gems/ruby-2.1.2/gems/puma-2.8.2/lib/puma/cluster.rb:143:in `check_workers'
	from /Users/thiagotonon/.rvm/gems/ruby-2.1.2/gems/puma-2.8.2/lib/puma/cluster.rb:373:in `run'
	from /Users/thiagotonon/.rvm/gems/ruby-2.1.2/gems/puma-2.8.2/lib/puma/cli.rb:499:in `run'
	from /Users/thiagotonon/.rvm/gems/ruby-2.1.2/gems/puma-2.8.2/bin/puma:10:in `<top (required)>'
	from /Users/thiagotonon/.rvm/gems/ruby-2.1.2/bin/puma:23:in `load'
	from /Users/thiagotonon/.rvm/gems/ruby-2.1.2/bin/puma:23:in `<main>'
	from /Users/thiagotonon/.rvm/gems/ruby-2.1.2/bin/ruby_executable_hooks:15:in `eval'
	from /Users/thiagotonon/.rvm/gems/ruby-2.1.2/bin/ruby_executable_hooks:15:in `<main>'
/Users/thiagotonon/.rvm/gems/ruby-2.1.2/gems/activerecord-4.2.2/lib/active_record/connection_adapters/connection_specification.rb:248:in `resolve_symbol_connection': 'production' database is not configured. Available: [] (ActiveRecord::AdapterNotSpecified)
	from /Users/thiagotonon/.rvm/gems/ruby-2.1.2/gems/activerecord-4.2.2/lib/active_record/connection_adapters/connection_specification.rb:211:in `resolve_connection'
	from /Users/thiagotonon/.rvm/gems/ruby-2.1.2/gems/activerecord-4.2.2/lib/active_record/connection_adapters/connection_specification.rb:139:in `resolve'
	from /Users/thiagotonon/.rvm/gems/ruby-2.1.2/gems/activerecord-4.2.2/lib/active_record/connection_adapters/connection_specification.rb:169:in `spec'
	from /Users/thiagotonon/.rvm/gems/ruby-2.1.2/gems/activerecord-4.2.2/lib/active_record/connection_handling.rb:50:in `establish_connection'
	from config/puma.rb:28:in `block in _load_from'
	from /Users/thiagotonon/.rvm/gems/ruby-2.1.2/gems/puma-2.8.2/lib/puma/cluster.rb:193:in `call'
	from /Users/thiagotonon/.rvm/gems/ruby-2.1.2/gems/puma-2.8.2/lib/puma/cluster.rb:193:in `block in worker'
	from /Users/thiagotonon/.rvm/gems/ruby-2.1.2/gems/puma-2.8.2/lib/puma/cluster.rb:193:in `each'
	from /Users/thiagotonon/.rvm/gems/ruby-2.1.2/gems/puma-2.8.2/lib/puma/cluster.rb:193:in `worker'
	from /Users/thiagotonon/.rvm/gems/ruby-2.1.2/gems/puma-2.8.2/lib/puma/cluster.rb:95:in `block (2 levels) in spawn_workers'
	from /Users/thiagotonon/.rvm/gems/ruby-2.1.2/gems/puma-2.8.2/lib/puma/cluster.rb:95:in `fork'
	from /Users/thiagotonon/.rvm/gems/ruby-2.1.2/gems/puma-2.8.2/lib/puma/cluster.rb:95:in `block in spawn_workers'
	from /Users/thiagotonon/.rvm/gems/ruby-2.1.2/gems/puma-2.8.2/lib/puma/cluster.rb:92:in `times'
	from /Users/thiagotonon/.rvm/gems/ruby-2.1.2/gems/puma-2.8.2/lib/puma/cluster.rb:92:in `spawn_workers'
	from /Users/thiagotonon/.rvm/gems/ruby-2.1.2/gems/puma-2.8.2/lib/puma/cluster.rb:143:in `check_workers'
	from /Users/thiagotonon/.rvm/gems/ruby-2.1.2/gems/puma-2.8.2/lib/puma/cluster.rb:373:in `run'
	from /Users/thiagotonon/.rvm/gems/ruby-2.1.2/gems/puma-2.8.2/lib/puma/cli.rb:499:in `run'
	from /Users/thiagotonon/.rvm/gems/ruby-2.1.2/gems/puma-2.8.2/bin/puma:10:in `<top (required)>'
	from /Users/thiagotonon/.rvm/gems/ruby-2.1.2/bin/puma:23:in `load'
	from /Users/thiagotonon/.rvm/gems/ruby-2.1.2/bin/puma:23:in `<main>'
	from /Users/thiagotonon/.rvm/gems/ruby-2.1.2/bin/ruby_executable_hooks:15:in `eval'
	from /Users/thiagotonon/.rvm/gems/ruby-2.1.2/bin/ruby_executable_hooks:15:in `<main>'
/Users/thiagotonon/.rvm/gems/ruby-2.1.2/gems/activerecord-4.2.2/lib/active_record/connection_adapters/connection_specification.rb:248:in `resolve_symbol_connection': 'production' database is not configured. Available: [] (ActiveRecord::AdapterNotSpecified)
	from /Users/thiagotonon/.rvm/gems/ruby-2.1.2/gems/activerecord-4.2.2/lib/active_record/connection_adapters/connection_specification.rb:211:in `resolve_connection'
	from /Users/thiagotonon/.rvm/gems/ruby-2.1.2/gems/activerecord-4.2.2/lib/active_record/connection_adapters/connection_specification.rb:139:in `resolve'
	from /Users/thiagotonon/.rvm/gems/ruby-2.1.2/gems/activerecord-4.2.2/lib/active_record/connection_adapters/connection_specification.rb:169:in `spec'
	from /Users/thiagotonon/.rvm/gems/ruby-2.1.2/gems/activerecord-4.2.2/lib/active_record/connection_handling.rb:50:in `establish_connection'
	from config/puma.rb:28:in `block in _load_from'
	from /Users/thiagotonon/.rvm/gems/ruby-2.1.2/gems/puma-2.8.2/lib/puma/cluster.rb:193:in `call'
	from /Users/thiagotonon/.rvm/gems/ruby-2.1.2/gems/puma-2.8.2/lib/puma/cluster.rb:193:in `block in worker'
	from /Users/thiagotonon/.rvm/gems/ruby-2.1.2/gems/puma-2.8.2/lib/puma/cluster.rb:193:in `each'
	from /Users/thiagotonon/.rvm/gems/ruby-2.1.2/gems/puma-2.8.2/lib/puma/cluster.rb:193:in `worker'
	from /Users/thiagotonon/.rvm/gems/ruby-2.1.2/gems/puma-2.8.2/lib/puma/cluster.rb:95:in `block (2 levels) in spawn_workers'
	from /Users/thiagotonon/.rvm/gems/ruby-2.1.2/gems/puma-2.8.2/lib/puma/cluster.rb:95:in `fork'
	from /Users/thiagotonon/.rvm/gems/ruby-2.1.2/gems/puma-2.8.2/lib/puma/cluster.rb:95:in `block in spawn_workers'
	from /Users/thiagotonon/.rvm/gems/ruby-2.1.2/gems/puma-2.8.2/lib/puma/cluster.rb:92:in `times'
	from /Users/thiagotonon/.rvm/gems/ruby-2.1.2/gems/puma-2.8.2/lib/puma/cluster.rb:92:in `spawn_workers'
	from /Users/thiagotonon/.rvm/gems/ruby-2.1.2/gems/puma-2.8.2/lib/puma/cluster.rb:143:in `check_workers'
	from /Users/thiagotonon/.rvm/gems/ruby-2.1.2/gems/puma-2.8.2/lib/puma/cluster.rb:373:in `run'
	from /Users/thiagotonon/.rvm/gems/ruby-2.1.2/gems/puma-2.8.2/lib/puma/cli.rb:499:in `run'
	from /Users/thiagotonon/.rvm/gems/ruby-2.1.2/gems/puma-2.8.2/bin/puma:10:in `<top (required)>'
	from /Users/thiagotonon/.rvm/gems/ruby-2.1.2/bin/puma:23:in `load'
	from /Users/thiagotonon/.rvm/gems/ruby-2.1.2/bin/puma:23:in `<main>'
	from /Users/thiagotonon/.rvm/gems/ruby-2.1.2/bin/ruby_executable_hooks:15:in `eval'
	from /Users/thiagotonon/.rvm/gems/ruby-2.1.2/bin/ruby_executable_hooks:15:in `<main>'
/Users/thiagotonon/.rvm/gems/ruby-2.1.2/gems/activerecord-4.2.2/lib/active_record/connection_adapters/connection_specification.rb:248:in `resolve_symbol_connection': 'production' database is not configured. Available: [] (ActiveRecord::AdapterNotSpecified)
	from /Users/thiagotonon/.rvm/gems/ruby-2.1.2/gems/activerecord-4.2.2/lib/active_record/connection_adapters/connection_specification.rb:211:in `resolve_connection'
	from /Users/thiagotonon/.rvm/gems/ruby-2.1.2/gems/activerecord-4.2.2/lib/active_record/connection_adapters/connection_specification.rb:139:in `resolve'
	from /Users/thiagotonon/.rvm/gems/ruby-2.1.2/gems/activerecord-4.2.2/lib/active_record/connection_adapters/connection_specification.rb:169:in `spec'
	from /Users/thiagotonon/.rvm/gems/ruby-2.1.2/gems/activerecord-4.2.2/lib/active_record/connection_handling.rb:50:in `establish_connection'
	from config/puma.rb:28:in `block in _load_from'
	from /Users/thiagotonon/.rvm/gems/ruby-2.1.2/gems/puma-2.8.2/lib/puma/cluster.rb:193:in `call'
	from /Users/thiagotonon/.rvm/gems/ruby-2.1.2/gems/puma-2.8.2/lib/puma/cluster.rb:193:in `block in worker'
	from /Users/thiagotonon/.rvm/gems/ruby-2.1.2/gems/puma-2.8.2/lib/puma/cluster.rb:193:in `each'
	from /Users/thiagotonon/.rvm/gems/ruby-2.1.2/gems/puma-2.8.2/lib/puma/cluster.rb:193:in `worker'
	from /Users/thiagotonon/.rvm/gems/ruby-2.1.2/gems/puma-2.8.2/lib/puma/cluster.rb:95:in `block (2 levels) in spawn_workers'
	from /Users/thiagotonon/.rvm/gems/ruby-2.1.2/gems/puma-2.8.2/lib/puma/cluster.rb:95:in `fork'
	from /Users/thiagotonon/.rvm/gems/ruby-2.1.2/gems/puma-2.8.2/lib/puma/cluster.rb:95:in `block in spawn_workers'
	from /Users/thiagotonon/.rvm/gems/ruby-2.1.2/gems/puma-2.8.2/lib/puma/cluster.rb:92:in `times'
	from /Users/thiagotonon/.rvm/gems/ruby-2.1.2/gems/puma-2.8.2/lib/puma/cluster.rb:92:in `spawn_workers'
	from /Users/thiagotonon/.rvm/gems/ruby-2.1.2/gems/puma-2.8.2/lib/puma/cluster.rb:143:in `check_workers'
	from /Users/thiagotonon/.rvm/gems/ruby-2.1.2/gems/puma-2.8.2/lib/puma/cluster.rb:373:in `run'
	from /Users/thiagotonon/.rvm/gems/ruby-2.1.2/gems/puma-2.8.2/lib/puma/cli.rb:499:in `run'
	from /Users/thiagotonon/.rvm/gems/ruby-2.1.2/gems/puma-2.8.2/bin/puma:10:in `<top (required)>'
	from /Users/thiagotonon/.rvm/gems/ruby-2.1.2/bin/puma:23:in `load'
	from /Users/thiagotonon/.rvm/gems/ruby-2.1.2/bin/puma:23:in `<main>'
	from /Users/thiagotonon/.rvm/gems/ruby-2.1.2/bin/ruby_executable_hooks:15:in `eval'
	from /Users/thiagotonon/.rvm/gems/ruby-2.1.2/bin/ruby_executable_hooks:15:in `<main>'
/Users/thiagotonon/.rvm/gems/ruby-2.1.2/gems/activerecord-4.2.2/lib/active_record/connection_adapters/connection_specification.rb:248:in `resolve_symbol_connection': 'production' database is not configured. Available: [] (ActiveRecord::AdapterNotSpecified)
	from /Users/thiagotonon/.rvm/gems/ruby-2.1.2/gems/activerecord-4.2.2/lib/active_record/connection_adapters/connection_specification.rb:211:in `resolve_connection'
	from /Users/thiagotonon/.rvm/gems/ruby-2.1.2/gems/activerecord-4.2.2/lib/active_record/connection_adapters/connection_specification.rb:139:in `resolve'
	from /Users/thiagotonon/.rvm/gems/ruby-2.1.2/gems/activerecord-4.2.2/lib/active_record/connection_adapters/connection_specification.rb:169:in `spec'
	from /Users/thiagotonon/.rvm/gems/ruby-2.1.2/gems/activerecord-4.2.2/lib/active_record/connection_handling.rb:50:in `establish_connection'
	from config/puma.rb:28:in `block in _load_from'
	from /Users/thiagotonon/.rvm/gems/ruby-2.1.2/gems/puma-2.8.2/lib/puma/cluster.rb:193:in `call'
	from /Users/thiagotonon/.rvm/gems/ruby-2.1.2/gems/puma-2.8.2/lib/puma/cluster.rb:193:in `block in worker'
	from /Users/thiagotonon/.rvm/gems/ruby-2.1.2/gems/puma-2.8.2/lib/puma/cluster.rb:193:in `each'
	from /Users/thiagotonon/.rvm/gems/ruby-2.1.2/gems/puma-2.8.2/lib/puma/cluster.rb:193:in `worker'
	from /Users/thiagotonon/.rvm/gems/ruby-2.1.2/gems/puma-2.8.2/lib/puma/cluster.rb:95:in `block (2 levels) in spawn_workers'
	from /Users/thiagotonon/.rvm/gems/ruby-2.1.2/gems/puma-2.8.2/lib/puma/cluster.rb:95:in `fork'
	from /Users/thiagotonon/.rvm/gems/ruby-2.1.2/gems/puma-2.8.2/lib/puma/cluster.rb:95:in `block in spawn_workers'
	from /Users/thiagotonon/.rvm/gems/ruby-2.1.2/gems/puma-2.8.2/lib/puma/cluster.rb:92:in `times'
	from /Users/thiagotonon/.rvm/gems/ruby-2.1.2/gems/puma-2.8.2/lib/puma/cluster.rb:92:in `spawn_workers'
	from /Users/thiagotonon/.rvm/gems/ruby-2.1.2/gems/puma-2.8.2/lib/puma/cluster.rb:143:in `check_workers'
	from /Users/thiagotonon/.rvm/gems/ruby-2.1.2/gems/puma-2.8.2/lib/puma/cluster.rb:373:in `run'
	from /Users/thiagotonon/.rvm/gems/ruby-2.1.2/gems/puma-2.8.2/lib/puma/cli.rb:499:in `run'
	from /Users/thiagotonon/.rvm/gems/ruby-2.1.2/gems/puma-2.8.2/bin/puma:10:in `<top (required)>'
	from /Users/thiagotonon/.rvm/gems/ruby-2.1.2/bin/puma:23:in `load'
	from /Users/thiagotonon/.rvm/gems/ruby-2.1.2/bin/puma:23:in `<main>'
	from /Users/thiagotonon/.rvm/gems/ruby-2.1.2/bin/ruby_executable_hooks:15:in `eval'
	from /Users/thiagotonon/.rvm/gems/ruby-2.1.2/bin/ruby_executable_hooks:15:in `<main>'
/Users/thiagotonon/.rvm/gems/ruby-2.1.2/gems/activerecord-4.2.2/lib/active_record/connection_adapters/connection_specification.rb:248:in `resolve_symbol_connection'/Users/thiagotonon/.rvm/gems/ruby-2.1.2/gems/activerecord-4.2.2/lib/active_record/connection_adapters/connection_specification.rb:248:in `resolve_symbol_connection': 'production' database is not configured. Available: [] (ActiveRecord::AdapterNotSpecified)
	from /Users/thiagotonon/.rvm/gems/ruby-2.1.2/gems/activerecord-4.2.2/lib/active_record/connection_adapters/connection_specification.rb:211:in `resolve_connection'
	from /Users/thiagotonon/.rvm/gems/ruby-2.1.2/gems/activerecord-4.2.2/lib/active_record/connection_adapters/connection_specification.rb:139:in `resolve'
	from /Users/thiagotonon/.rvm/gems/ruby-2.1.2/gems/activerecord-4.2.2/lib/active_record/connection_adapters/connection_specification.rb:169:in `spec'
	from /Users/thiagotonon/.rvm/gems/ruby-2.1.2/gems/activerecord-4.2.2/lib/active_record/connection_handling.rb:50:in `establish_connection'
: 'production' database is not configured. Available: [] (ActiveRecord::AdapterNotSpecified)
	from config/puma.rb:28:in `block in _load_from'
	from /Users/thiagotonon/.rvm/gems/ruby-2.1.2/gems/activerecord-4.2.2/lib/active_record/connection_adapters/connection_specification.rb:211:in `resolve_connection'
	from /Users/thiagotonon/.rvm/gems/ruby-2.1.2/gems/activerecord-4.2.2/lib/active_record/connection_adapters/connection_specification.rb:139:in `resolve'
	from /Users/thiagotonon/.rvm/gems/ruby-2.1.2/gems/puma-2.8.2/lib/puma/cluster.rb:193:in `call'
	from /Users/thiagotonon/.rvm/gems/ruby-2.1.2/gems/activerecord-4.2.2/lib/active_record/connection_adapters/connection_specification.rb:169:in `spec'
	from /Users/thiagotonon/.rvm/gems/ruby-2.1.2/gems/activerecord-4.2.2/lib/active_record/connection_handling.rb:50:in `establish_connection'
	from config/puma.rb:28:in `block in _load_from'
	from /Users/thiagotonon/.rvm/gems/ruby-2.1.2/gems/puma-2.8.2/lib/puma/cluster.rb:193:in `call'
	from /Users/thiagotonon/.rvm/gems/ruby-2.1.2/gems/puma-2.8.2/lib/puma/cluster.rb:193:in `block in worker'
	from /Users/thiagotonon/.rvm/gems/ruby-2.1.2/gems/puma-2.8.2/lib/puma/cluster.rb:193:in `each'
	from /Users/thiagotonon/.rvm/gems/ruby-2.1.2/gems/puma-2.8.2/lib/puma/cluster.rb:193:in `worker'
	from /Users/thiagotonon/.rvm/gems/ruby-2.1.2/gems/puma-2.8.2/lib/puma/cluster.rb:95:in `block (2 levels) in spawn_workers'
	from /Users/thiagotonon/.rvm/gems/ruby-2.1.2/gems/puma-2.8.2/lib/puma/cluster.rb:95:in `fork'
	from /Users/thiagotonon/.rvm/gems/ruby-2.1.2/gems/puma-2.8.2/lib/puma/cluster.rb:95:in `block in spawn_workers'
	from /Users/thiagotonon/.rvm/gems/ruby-2.1.2/gems/puma-2.8.2/lib/puma/cluster.rb:92:in `times'
	from /Users/thiagotonon/.rvm/gems/ruby-2.1.2/gems/puma-2.8.2/lib/puma/cluster.rb:92:in `spawn_workers'
	from /Users/thiagotonon/.rvm/gems/ruby-2.1.2/gems/puma-2.8.2/lib/puma/cluster.rb:143:in `check_workers'
	from /Users/thiagotonon/.rvm/gems/ruby-2.1.2/gems/puma-2.8.2/lib/puma/cluster.rb:193:in `block in worker'
	from /Users/thiagotonon/.rvm/gems/ruby-2.1.2/gems/puma-2.8.2/lib/puma/cluster.rb:193:in `each'
	from /Users/thiagotonon/.rvm/gems/ruby-2.1.2/gems/puma-2.8.2/lib/puma/cluster.rb:193:in `worker'
	from /Users/thiagotonon/.rvm/gems/ruby-2.1.2/gems/puma-2.8.2/lib/puma/cluster.rb:95:in `block (2 levels) in spawn_workers'
	from /Users/thiagotonon/.rvm/gems/ruby-2.1.2/gems/puma-2.8.2/lib/puma/cluster.rb:95:in `fork'
	from /Users/thiagotonon/.rvm/gems/ruby-2.1.2/gems/puma-2.8.2/lib/puma/cluster.rb:373:in `run'
	from /Users/thiagotonon/.rvm/gems/ruby-2.1.2/gems/puma-2.8.2/lib/puma/cli.rb:499:in `run'
	from /Users/thiagotonon/.rvm/gems/ruby-2.1.2/gems/puma-2.8.2/bin/puma:10:in `<top (required)>'
	from /Users/thiagotonon/.rvm/gems/ruby-2.1.2/bin/puma:23:in `load'
	from /Users/thiagotonon/.rvm/gems/ruby-2.1.2/bin/puma:23:in `<main>'
	from /Users/thiagotonon/.rvm/gems/ruby-2.1.2/bin/ruby_executable_hooks:15:in `eval'
	from /Users/thiagotonon/.rvm/gems/ruby-2.1.2/bin/ruby_executable_hooks:15:in `<main>'
	from /Users/thiagotonon/.rvm/gems/ruby-2.1.2/gems/puma-2.8.2/lib/puma/cluster.rb:95:in `block in spawn_workers'
	from /Users/thiagotonon/.rvm/gems/ruby-2.1.2/gems/puma-2.8.2/lib/puma/cluster.rb:92:in `times'
	from /Users/thiagotonon/.rvm/gems/ruby-2.1.2/gems/puma-2.8.2/lib/puma/cluster.rb:92:in `spawn_workers'
	from /Users/thiagotonon/.rvm/gems/ruby-2.1.2/gems/puma-2.8.2/lib/puma/cluster.rb:143:in `check_workers'
	from /Users/thiagotonon/.rvm/gems/ruby-2.1.2/gems/puma-2.8.2/lib/puma/cluster.rb:373:in `run'
	from /Users/thiagotonon/.rvm/gems/ruby-2.1.2/gems/puma-2.8.2/lib/puma/cli.rb:499:in `run'
	from /Users/thiagotonon/.rvm/gems/ruby-2.1.2/gems/puma-2.8.2/bin/puma:10:in `<top (required)>'
	from /Users/thiagotonon/.rvm/gems/ruby-2.1.2/bin/puma:23:in `load'
	from /Users/thiagotonon/.rvm/gems/ruby-2.1.2/bin/puma:23:in `<main>'
	from /Users/thiagotonon/.rvm/gems/ruby-2.1.2/bin/ruby_executable_hooks:15:in `eval'
	from /Users/thiagotonon/.rvm/gems/ruby-2.1.2/bin/ruby_executable_hooks:15:in `<main>'
/Users/thiagotonon/.rvm/gems/ruby-2.1.2/gems/activerecord-4.2.2/lib/active_record/connection_adapters/connection_specification.rb:248:in `resolve_symbol_connection': 'production' database is not configured. Available: [] (ActiveRecord::AdapterNotSpecified)
	from /Users/thiagotonon/.rvm/gems/ruby-2.1.2/gems/activerecord-4.2.2/lib/active_record/connection_adapters/connection_specification.rb:211:in `resolve_connection'
	from /Users/thiagotonon/.rvm/gems/ruby-2.1.2/gems/activerecord-4.2.2/lib/active_record/connection_adapters/connection_specification.rb:139:in `resolve'
	from /Users/thiagotonon/.rvm/gems/ruby-2.1.2/gems/activerecord-4.2.2/lib/active_record/connection_adapters/connection_specification.rb:169:in `spec'
	from /Users/thiagotonon/.rvm/gems/ruby-2.1.2/gems/activerecord-4.2.2/lib/active_record/connection_handling.rb:50:in `establish_connection'
	from config/puma.rb:28:in `block in _load_from'
	from /Users/thiagotonon/.rvm/gems/ruby-2.1.2/gems/puma-2.8.2/lib/puma/cluster.rb:193:in `call'
	from /Users/thiagotonon/.rvm/gems/ruby-2.1.2/gems/puma-2.8.2/lib/puma/cluster.rb:193:in `block in worker'
	from /Users/thiagotonon/.rvm/gems/ruby-2.1.2/gems/puma-2.8.2/lib/puma/cluster.rb:193:in `each'
	from /Users/thiagotonon/.rvm/gems/ruby-2.1.2/gems/puma-2.8.2/lib/puma/cluster.rb:193:in `worker'
	from /Users/thiagotonon/.rvm/gems/ruby-2.1.2/gems/puma-2.8.2/lib/puma/cluster.rb:95:in `block (2 levels) in spawn_workers'
	from /Users/thiagotonon/.rvm/gems/ruby-2.1.2/gems/puma-2.8.2/lib/puma/cluster.rb:95:in `fork'
	from /Users/thiagotonon/.rvm/gems/ruby-2.1.2/gems/puma-2.8.2/lib/puma/cluster.rb:95:in `block in spawn_workers'
	from /Users/thiagotonon/.rvm/gems/ruby-2.1.2/gems/puma-2.8.2/lib/puma/cluster.rb:92:in `times'
	from /Users/thiagotonon/.rvm/gems/ruby-2.1.2/gems/puma-2.8.2/lib/puma/cluster.rb:92:in `spawn_workers'
	from /Users/thiagotonon/.rvm/gems/ruby-2.1.2/gems/puma-2.8.2/lib/puma/cluster.rb:143:in `check_workers'
	from /Users/thiagotonon/.rvm/gems/ruby-2.1.2/gems/puma-2.8.2/lib/puma/cluster.rb:373:in `run'
	from /Users/thiagotonon/.rvm/gems/ruby-2.1.2/gems/puma-2.8.2/lib/puma/cli.rb:499:in `run'
	from /Users/thiagotonon/.rvm/gems/ruby-2.1.2/gems/puma-2.8.2/bin/puma:10:in `<top (required)>'
	from /Users/thiagotonon/.rvm/gems/ruby-2.1.2/bin/puma:23:in `load'
	from /Users/thiagotonon/.rvm/gems/ruby-2.1.2/bin/puma:23:in `<main>'
	from /Users/thiagotonon/.rvm/gems/ruby-2.1.2/bin/ruby_executable_hooks:15:in `eval'
	from /Users/thiagotonon/.rvm/gems/ruby-2.1.2/bin/ruby_executable_hooks:15:in `<main>'
/Users/thiagotonon/.rvm/gems/ruby-2.1.2/gems/activerecord-4.2.2/lib/active_record/connection_adapters/connection_specification.rb:248:in `resolve_symbol_connection': 'production' database is not configured. Available: [] (ActiveRecord::AdapterNotSpecified)
	from /Users/thiagotonon/.rvm/gems/ruby-2.1.2/gems/activerecord-4.2.2/lib/active_record/connection_adapters/connection_specification.rb:211:in `resolve_connection'
	from /Users/thiagotonon/.rvm/gems/ruby-2.1.2/gems/activerecord-4.2.2/lib/active_record/connection_adapters/connection_specification.rb:139:in `resolve'
	from /Users/thiagotonon/.rvm/gems/ruby-2.1.2/gems/activerecord-4.2.2/lib/active_record/connection_adapters/connection_specification.rb:169:in `spec'
	from /Users/thiagotonon/.rvm/gems/ruby-2.1.2/gems/activerecord-4.2.2/lib/active_record/connection_handling.rb:50:in `establish_connection'
	from config/puma.rb:28:in `block in _load_from'
	from /Users/thiagotonon/.rvm/gems/ruby-2.1.2/gems/puma-2.8.2/lib/puma/cluster.rb:193:in `call'
	from /Users/thiagotonon/.rvm/gems/ruby-2.1.2/gems/puma-2.8.2/lib/puma/cluster.rb:193:in `block in worker'
	from /Users/thiagotonon/.rvm/gems/ruby-2.1.2/gems/puma-2.8.2/lib/puma/cluster.rb:193:in `each'
	from /Users/thiagotonon/.rvm/gems/ruby-2.1.2/gems/puma-2.8.2/lib/puma/cluster.rb:193:in `worker'
	from /Users/thiagotonon/.rvm/gems/ruby-2.1.2/gems/puma-2.8.2/lib/puma/cluster.rb:95:in `block (2 levels) in spawn_workers'
	from /Users/thiagotonon/.rvm/gems/ruby-2.1.2/gems/puma-2.8.2/lib/puma/cluster.rb:95:in `fork'
	from /Users/thiagotonon/.rvm/gems/ruby-2.1.2/gems/puma-2.8.2/lib/puma/cluster.rb:95:in `block in spawn_workers'
	from /Users/thiagotonon/.rvm/gems/ruby-2.1.2/gems/puma-2.8.2/lib/puma/cluster.rb:92:in `times'
	from /Users/thiagotonon/.rvm/gems/ruby-2.1.2/gems/puma-2.8.2/lib/puma/cluster.rb:92:in `spawn_workers'
	from /Users/thiagotonon/.rvm/gems/ruby-2.1.2/gems/puma-2.8.2/lib/puma/cluster.rb:143:in `check_workers'
	from /Users/thiagotonon/.rvm/gems/ruby-2.1.2/gems/puma-2.8.2/lib/puma/cluster.rb:373:in `run'
	from /Users/thiagotonon/.rvm/gems/ruby-2.1.2/gems/puma-2.8.2/lib/puma/cli.rb:499:in `run'
	from /Users/thiagotonon/.rvm/gems/ruby-2.1.2/gems/puma-2.8.2/bin/puma:10:in `<top (required)>'
	from /Users/thiagotonon/.rvm/gems/ruby-2.1.2/bin/puma:23:in `load'
	from /Users/thiagotonon/.rvm/gems/ruby-2.1.2/bin/puma:23:in `<main>'
	from /Users/thiagotonon/.rvm/gems/ruby-2.1.2/bin/ruby_executable_hooks:15:in `eval'
	from /Users/thiagotonon/.rvm/gems/ruby-2.1.2/bin/ruby_executable_hooks:15:in `<main>'
